<?xml version="1.0" encoding="UTF-8"?>
<!-- Generated by org.testng.reporters.JUnitReportReporter -->
<testsuite skipped="0" hostname="DESKTOP-B74GILA" name="scripts._03_TGLocatorsTest" tests="1" failures="0" timestamp="2023-06-12T17:44:12 CDT" time="5.285" errors="0">
  <testcase name="validateAllParagraphs" time="5.285" classname="scripts._03_TGLocatorsTest"/>
  <system-out/>
</testsuite> <!-- scripts._03_TGLocatorsTest -->
