<?xml version="1.0" encoding="UTF-8"?>
<!-- Generated by org.testng.reporters.JUnitReportReporter -->
<testsuite skipped="0" hostname="DESKTOP-B74GILA" name="scripts._06_WikiTest" tests="1" failures="0" timestamp="2023-06-12T17:44:12 CDT" time="5.739" errors="0">
  <testcase name="validateWikiSearch1" time="5.739" classname="scripts._06_WikiTest"/>
  <system-out/>
</testsuite> <!-- scripts._06_WikiTest -->
