<?xml version="1.0" encoding="UTF-8"?>
<!-- Generated by org.testng.reporters.JUnitReportReporter -->
<testsuite skipped="0" hostname="DESKTOP-B74GILA" name="scripts._05_FacebookTest" tests="1" failures="0" timestamp="2023-06-12T17:44:12 CDT" time="5.137" errors="0">
  <testcase name="validateFacebookLoginForm" time="5.137" classname="scripts._05_FacebookTest"/>
  <system-out/>
</testsuite> <!-- scripts._05_FacebookTest -->
