<?xml version="1.0" encoding="UTF-8"?>
<!-- Generated by org.testng.reporters.JUnitReportReporter -->
<testsuite skipped="0" hostname="DESKTOP-B74GILA" name="scripts._01_GoogleTest" tests="1" failures="0" timestamp="2023-06-12T17:44:12 CDT" time="10.766" errors="0">
  <testcase name="validateSearchBar" time="10.766" classname="scripts._01_GoogleTest"/>
  <system-out/>
</testsuite> <!-- scripts._01_GoogleTest -->
